<?xml version="1.0" encoding="UTF-8" ?>
<testsuite tests="7" failures="0" name="com.sg.dvdlibrary_springmvc.dao.DvdLibraryDaoTest" time="7.643" errors="0" skipped="0">
  <properties>
[...]
</properties>
  <testcase classname="com.sg.dvdlibrary_springmvc.dao.DvdLibraryDaoTest" name="deleteDirector" time="1.989"/>
  <testcase classname="com.sg.dvdlibrary_springmvc.dao.DvdLibraryDaoTest" name="deleteStudio" time="1.992"/>
  <testcase classname="com.sg.dvdlibrary_springmvc.dao.DvdLibraryDaoTest" name="testGetAllDvds" time="1.133"/>
  <testcase classname="com.sg.dvdlibrary_springmvc.dao.DvdLibraryDaoTest" name="deleteDvd" time="0.505"/>
  <testcase classname="com.sg.dvdlibrary_springmvc.dao.DvdLibraryDaoTest" name="testAddGetDvd" time="0.479"/>
  <testcase classname="com.sg.dvdlibrary_springmvc.dao.DvdLibraryDaoTest" name="testAddGetDirector" time="0.667"/>
  <testcase classname="com.sg.dvdlibrary_springmvc.dao.DvdLibraryDaoTest" name="testAddGetStudio" time="0.878"/>
</testsuite>